mode: set
task3-secondary-school-App/saintgregs/saintgregs.go:38.47,45.2 4 0
task3-secondary-school-App/saintgregs/saintgregs.go:48.60,52.24 3 0
task3-secondary-school-App/saintgregs/saintgregs.go:57.2,57.17 1 0
task3-secondary-school-App/saintgregs/saintgregs.go:52.24,54.3 1 0
task3-secondary-school-App/saintgregs/saintgregs.go:54.8,56.3 1 0
task3-secondary-school-App/saintgregs/saintgregs.go:61.68,66.44 4 0
task3-secondary-school-App/saintgregs/saintgregs.go:74.2,74.14 1 0
task3-secondary-school-App/saintgregs/saintgregs.go:66.44,69.3 2 0
task3-secondary-school-App/saintgregs/saintgregs.go:69.8,72.3 2 0
task3-secondary-school-App/saintgregs/saintgregs.go:77.45,82.32 4 1
task3-secondary-school-App/saintgregs/saintgregs.go:85.2,90.17 4 1
task3-secondary-school-App/saintgregs/saintgregs.go:82.32,84.3 1 1
task3-secondary-school-App/saintgregs/saintgregs.go:93.56,100.58 5 0
task3-secondary-school-App/saintgregs/saintgregs.go:113.2,113.24 1 0
task3-secondary-school-App/saintgregs/saintgregs.go:100.58,102.25 2 0
task3-secondary-school-App/saintgregs/saintgregs.go:102.25,104.4 1 0
task3-secondary-school-App/saintgregs/saintgregs.go:104.9,104.52 1 0
task3-secondary-school-App/saintgregs/saintgregs.go:104.52,106.4 1 0
task3-secondary-school-App/saintgregs/saintgregs.go:106.9,108.4 1 0
task3-secondary-school-App/saintgregs/saintgregs.go:109.8,111.3 1 0
